<?xml version="1.0" encoding="UTF-8"?>
<testng-results skipped="0" failed="0" ignored="0" total="1" passed="1">
  <reporter-output>
  </reporter-output>
  <suite name="Default suite" duration-ms="7419" started-at="2022-08-30T10:26:25Z" finished-at="2022-08-30T10:26:33Z">
    <groups>
    </groups>
    <test name="Default test" duration-ms="7419" started-at="2022-08-30T10:26:25Z" finished-at="2022-08-30T10:26:33Z">
      <class name="org.oauth.Courses">
        <test-method status="PASS" signature="accesstoken()[pri:0, instance:org.oauth.Courses@4501b7af]" name="accesstoken" duration-ms="7383" started-at="2022-08-30T10:26:25Z" finished-at="2022-08-30T10:26:33Z">
          <reporter-output>
          </reporter-output>
        </test-method> <!-- accesstoken -->
      </class> <!-- org.oauth.Courses -->
    </test> <!-- Default test -->
  </suite> <!-- Default suite -->
</testng-results>
