<?xml version="1.0" encoding="UTF-8"?>
<!-- Generated by org.testng.reporters.JUnitXMLReporter -->
<testsuite hostname="DESKTOP-UGQ32GM" ignored="0" name="Default test" tests="6" failures="0" timestamp="24 Aug 2022 16:31:44 GMT" time="15.299" errors="0">
  <testcase name="addPet" time="6.496" classname="testngAPI.Restassured"/>
  <testcase name="addPet" time="1.677" classname="testngAPI.Restassured"/>
  <testcase name="addPet" time="2.157" classname="testngAPI.Restassured"/>
  <testcase name="getPet" time="1.632" classname="testngAPI.Restassured"/>
  <testcase name="updatePet" time="1.494" classname="testngAPI.Restassured"/>
  <testcase name="FindPet" time="1.772" classname="testngAPI.Restassured"/>
</testsuite> <!-- Default test -->
